  [1m[36m (179.2ms)[0m  [1mCREATE TABLE "schema_migrations" ("version" varchar(255) NOT NULL) [0m
  [1m[35m (257.9ms)[0m  CREATE UNIQUE INDEX "unique_schema_migrations" ON "schema_migrations" ("version")
  [1m[36mActiveRecord::SchemaMigration Load (0.0ms)[0m  [1mSELECT "schema_migrations".* FROM "schema_migrations"[0m
Migrating to CreateProducts (20140207170451)
  [1m[35m (0.0ms)[0m  begin transaction
  [1m[36m (1.0ms)[0m  [1mCREATE TABLE "products" ("id" INTEGER PRIMARY KEY AUTOINCREMENT NOT NULL, "title" varchar(255), "description" text, "image_url" varchar(255), "price" decimal(8,2), "created_at" datetime, "updated_at" datetime) [0m
  [1m[35mSQL (0.0ms)[0m  INSERT INTO "schema_migrations" ("version") VALUES (?)  [["version", "20140207170451"]]
  [1m[36m (216.5ms)[0m  [1mcommit transaction[0m
  [1m[35mActiveRecord::SchemaMigration Load (0.0ms)[0m  SELECT "schema_migrations".* FROM "schema_migrations"


Started GET "/products" for 127.0.0.1 at 2014-02-07 10:06:59 -0700
  [1m[36mActiveRecord::SchemaMigration Load (0.0ms)[0m  [1mSELECT "schema_migrations".* FROM "schema_migrations"[0m
Processing by ProductsController#index as HTML
  [1m[35mProduct Load (0.0ms)[0m  SELECT "products".* FROM "products"
  Rendered products/index.html.erb within layouts/application (6.0ms)
Completed 200 OK in 4665ms (Views: 4627.9ms | ActiveRecord: 0.0ms)


Started GET "/assets/products.css?body=1" for 127.0.0.1 at 2014-02-07 10:07:04 -0700


Started GET "/assets/application.css?body=1" for 127.0.0.1 at 2014-02-07 10:07:04 -0700


Started GET "/assets/scaffolds.css?body=1" for 127.0.0.1 at 2014-02-07 10:07:04 -0700


Started GET "/assets/jquery.js?body=1" for 127.0.0.1 at 2014-02-07 10:07:04 -0700


Started GET "/assets/jquery_ujs.js?body=1" for 127.0.0.1 at 2014-02-07 10:07:04 -0700


Started GET "/assets/turbolinks.js?body=1" for 127.0.0.1 at 2014-02-07 10:07:04 -0700


Started GET "/assets/application.js?body=1" for 127.0.0.1 at 2014-02-07 10:07:04 -0700


Started GET "/assets/products.js?body=1" for 127.0.0.1 at 2014-02-07 10:07:04 -0700


Started GET "/products/new" for 127.0.0.1 at 2014-02-07 10:08:13 -0700
Processing by ProductsController#new as HTML
  Rendered products/_form.html.erb (194.3ms)
  Rendered products/new.html.erb within layouts/application (251.3ms)
Completed 200 OK in 262ms (Views: 259.3ms | ActiveRecord: 0.0ms)


Started POST "/products" for 127.0.0.1 at 2014-02-07 10:10:08 -0700
Processing by ProductsController#create as HTML
  Parameters: {"utf8"=>"✓", "authenticity_token"=>"HodG3frwQsa9sbsIvSW+5XBXvZIxWVVKZ3hKz8oBG/s=", "product"=>{"title"=>"CoffeeScript", "description"=>"<p> CoffeeScript is JavaScript done right. It provides all of JavaScript's functionality wrapped in a cleaner, more succinct syntax.  In the first book on this exciting new language, CoffeeScript guru Trevor Burnham shows you how to hold onto all the power and flexibility of JavaScript while writing clearer, cleaner, and safer code. </p>", "image_url"=>"cs.jpg", "price"=>"36.00"}, "commit"=>"Create Product"}
  [1m[36m (0.0ms)[0m  [1mbegin transaction[0m
  [1m[35mSQL (77.6ms)[0m  INSERT INTO "products" ("created_at", "description", "image_url", "price", "title", "updated_at") VALUES (?, ?, ?, ?, ?, ?)  [["created_at", Fri, 07 Feb 2014 17:10:08 UTC +00:00], ["description", "<p> CoffeeScript is JavaScript done right. It provides all of JavaScript's functionality wrapped in a cleaner, more succinct syntax.  In the first book on this exciting new language, CoffeeScript guru Trevor Burnham shows you how to hold onto all the power and flexibility of JavaScript while writing clearer, cleaner, and safer code. </p>"], ["image_url", "cs.jpg"], ["price", #<BigDecimal:48b8cc8,'0.36E2',9(18)>], ["title", "CoffeeScript"], ["updated_at", Fri, 07 Feb 2014 17:10:08 UTC +00:00]]
  [1m[36m (151.5ms)[0m  [1mcommit transaction[0m
Redirected to http://localhost:3000/products/1
Completed 302 Found in 237ms (ActiveRecord: 229.0ms)


Started GET "/products/1" for 127.0.0.1 at 2014-02-07 10:10:08 -0700
Processing by ProductsController#show as HTML
  Parameters: {"id"=>"1"}
  [1m[35mProduct Load (1.0ms)[0m  SELECT "products".* FROM "products" WHERE "products"."id" = ? LIMIT 1  [["id", "1"]]
  Rendered products/show.html.erb within layouts/application (2.0ms)
Completed 200 OK in 17ms (Views: 13.0ms | ActiveRecord: 1.0ms)


Started GET "/assets/products.css?body=1" for 127.0.0.1 at 2014-02-07 10:10:08 -0700


Started GET "/assets/application.css?body=1" for 127.0.0.1 at 2014-02-07 10:10:08 -0700


Started GET "/assets/scaffolds.css?body=1" for 127.0.0.1 at 2014-02-07 10:10:09 -0700


Started GET "/assets/jquery.js?body=1" for 127.0.0.1 at 2014-02-07 10:10:09 -0700


Started GET "/assets/jquery_ujs.js?body=1" for 127.0.0.1 at 2014-02-07 10:10:09 -0700


Started GET "/assets/turbolinks.js?body=1" for 127.0.0.1 at 2014-02-07 10:10:09 -0700


Started GET "/assets/products.js?body=1" for 127.0.0.1 at 2014-02-07 10:10:09 -0700


Started GET "/assets/application.js?body=1" for 127.0.0.1 at 2014-02-07 10:10:09 -0700


Started GET "/products" for 127.0.0.1 at 2014-02-07 10:10:12 -0700
Processing by ProductsController#index as HTML
  [1m[36mProduct Load (1.0ms)[0m  [1mSELECT "products".* FROM "products"[0m
  Rendered products/index.html.erb within layouts/application (2.0ms)
Completed 200 OK in 11ms (Views: 10.0ms | ActiveRecord: 1.0ms)
  [1m[36mActiveRecord::SchemaMigration Load (0.0ms)[0m  [1mSELECT "schema_migrations".* FROM "schema_migrations"[0m
  [1m[35mSQL (110.0ms)[0m  DELETE FROM "products"
  [1m[36m (0.0ms)[0m  [1mbegin transaction[0m
  [1m[35mSQL (8.0ms)[0m  INSERT INTO "products" ("created_at", "description", "image_url", "price", "title", "updated_at") VALUES (?, ?, ?, ?, ?, ?)  [["created_at", Fri, 07 Feb 2014 17:12:07 UTC +00:00], ["description", "<p>\n\t\t\tRuby is the fastest growing and most exciting dynamic language\n\t\t\tout there. If you need to get working programs delivered fast,\n\t\t\tyou should add Ruby to your toolbox.\n\t\t</p>"], ["image_url", "ruby.jpg"], ["price", #<BigDecimal:46c6c08,'0.4995E2',18(45)>], ["title", "Programming Ruby 1.9 & 2.0"], ["updated_at", Fri, 07 Feb 2014 17:12:07 UTC +00:00]]
  [1m[36m (149.7ms)[0m  [1mcommit transaction[0m


Started GET "/products" for 127.0.0.1 at 2014-02-07 10:28:15 -0700
  [1m[36mActiveRecord::SchemaMigration Load (0.0ms)[0m  [1mSELECT "schema_migrations".* FROM "schema_migrations"[0m
Processing by ProductsController#index as HTML
  [1m[35mProduct Load (0.0ms)[0m  SELECT "products".* FROM "products"
  Rendered products/index.html.erb within layouts/application (131.7ms)
Completed 200 OK in 244ms (Views: 220.8ms | ActiveRecord: 0.0ms)


Started GET "/assets/scaffolds.css?body=1" for 127.0.0.1 at 2014-02-07 10:28:15 -0700


Started GET "/assets/jquery_ujs.js?body=1" for 127.0.0.1 at 2014-02-07 10:28:15 -0700


Started GET "/assets/turbolinks.js?body=1" for 127.0.0.1 at 2014-02-07 10:28:15 -0700


Started GET "/assets/jquery.js?body=1" for 127.0.0.1 at 2014-02-07 10:28:15 -0700


Started GET "/assets/products.css?body=1" for 127.0.0.1 at 2014-02-07 10:28:15 -0700


Started GET "/assets/application.css?body=1" for 127.0.0.1 at 2014-02-07 10:28:15 -0700


Started GET "/assets/products.js?body=1" for 127.0.0.1 at 2014-02-07 10:28:15 -0700


Started GET "/assets/application.js?body=1" for 127.0.0.1 at 2014-02-07 10:28:16 -0700


Started GET "/images/ruby.jpg" for 127.0.0.1 at 2014-02-07 10:28:16 -0700

ActionController::RoutingError (No route matches [GET] "/images/ruby.jpg"):
  actionpack (4.0.2) lib/action_dispatch/middleware/debug_exceptions.rb:21:in `call'
  actionpack (4.0.2) lib/action_dispatch/middleware/show_exceptions.rb:30:in `call'
  railties (4.0.2) lib/rails/rack/logger.rb:38:in `call_app'
  railties (4.0.2) lib/rails/rack/logger.rb:20:in `block in call'
  activesupport (4.0.2) lib/active_support/tagged_logging.rb:67:in `block in tagged'
  activesupport (4.0.2) lib/active_support/tagged_logging.rb:25:in `tagged'
  activesupport (4.0.2) lib/active_support/tagged_logging.rb:67:in `tagged'
  railties (4.0.2) lib/rails/rack/logger.rb:20:in `call'
  actionpack (4.0.2) lib/action_dispatch/middleware/request_id.rb:21:in `call'
  rack (1.5.2) lib/rack/methodoverride.rb:21:in `call'
  rack (1.5.2) lib/rack/runtime.rb:17:in `call'
  activesupport (4.0.2) lib/active_support/cache/strategy/local_cache.rb:83:in `call'
  rack (1.5.2) lib/rack/lock.rb:17:in `call'
  actionpack (4.0.2) lib/action_dispatch/middleware/static.rb:64:in `call'
  rack (1.5.2) lib/rack/sendfile.rb:112:in `call'
  railties (4.0.2) lib/rails/engine.rb:511:in `call'
  railties (4.0.2) lib/rails/application.rb:97:in `call'
  rack (1.5.2) lib/rack/lock.rb:17:in `call'
  rack (1.5.2) lib/rack/content_length.rb:14:in `call'
  rack (1.5.2) lib/rack/handler/webrick.rb:60:in `service'
  c:/RailsInstaller/Ruby1.9.3/lib/ruby/1.9.1/webrick/httpserver.rb:138:in `service'
  c:/RailsInstaller/Ruby1.9.3/lib/ruby/1.9.1/webrick/httpserver.rb:94:in `run'
  c:/RailsInstaller/Ruby1.9.3/lib/ruby/1.9.1/webrick/server.rb:191:in `block in start_thread'


  Rendered c:/RailsInstaller/Ruby1.9.3/lib/ruby/gems/1.9.1/gems/actionpack-4.0.2/lib/action_dispatch/middleware/templates/rescues/_trace.erb (1.0ms)
  Rendered c:/RailsInstaller/Ruby1.9.3/lib/ruby/gems/1.9.1/gems/actionpack-4.0.2/lib/action_dispatch/middleware/templates/routes/_route.html.erb (0.0ms)
  Rendered c:/RailsInstaller/Ruby1.9.3/lib/ruby/gems/1.9.1/gems/actionpack-4.0.2/lib/action_dispatch/middleware/templates/routes/_table.html.erb (9.0ms)
  Rendered c:/RailsInstaller/Ruby1.9.3/lib/ruby/gems/1.9.1/gems/actionpack-4.0.2/lib/action_dispatch/middleware/templates/rescues/routing_error.erb within rescues/layout (79.1ms)
